0 info it worked if it ends with ok
1 verbose cli [ 'D:\\program\\node\\node.exe',
1 verbose cli   'D:\\program\\node\\node_modules\\npm\\bin\\npm-cli.js',
1 verbose cli   'start' ]
2 info using npm@3.10.3
3 info using node@v6.5.0
4 verbose config Skipping project config: C:\Users\Admin96/.npmrc. (matches userconfig)
5 verbose stack Error: missing script: start
5 verbose stack     at run (D:\program\node\node_modules\npm\lib\run-script.js:151:19)
5 verbose stack     at D:\program\node\node_modules\npm\lib\run-script.js:61:5
5 verbose stack     at D:\program\node\node_modules\npm\node_modules\read-package-json\read-json.js:356:5
5 verbose stack     at checkBinReferences_ (D:\program\node\node_modules\npm\node_modules\read-package-json\read-json.js:320:45)
5 verbose stack     at final (D:\program\node\node_modules\npm\node_modules\read-package-json\read-json.js:354:3)
5 verbose stack     at then (D:\program\node\node_modules\npm\node_modules\read-package-json\read-json.js:124:5)
5 verbose stack     at ReadFileContext.<anonymous> (D:\program\node\node_modules\npm\node_modules\read-package-json\read-json.js:295:20)
5 verbose stack     at ReadFileContext.callback (D:\program\node\node_modules\npm\node_modules\graceful-fs\graceful-fs.js:78:16)
5 verbose stack     at FSReqWrap.readFileAfterOpen [as oncomplete] (fs.js:365:13)
6 verbose cwd C:\Users\Admin96\Desktop\Нова папка
7 error Windows_NT 6.1.7601
8 error argv "D:\\program\\node\\node.exe" "D:\\program\\node\\node_modules\\npm\\bin\\npm-cli.js" "start"
9 error node v6.5.0
10 error npm  v3.10.3
11 error missing script: start
12 error If you need help, you may report this error at:
12 error     <https://github.com/npm/npm/issues>
13 verbose exit [ 1, true ]
